<?xml version="1.0" encoding="UTF-8"?>
<!-- Generated by org.testng.reporters.JUnitXMLReporter -->
<testsuite hostname="Vilmis-PC" ignored="0" name="Demo Test" tests="1" failures="1" timestamp="10 Bal 2019 12:42:38 GMT" time="40.97" errors="0">
  <testcase name="demo" time="36.689" classname="testCasess.Demo">
    <failure type="java.lang.AssertionError" message="expected [true] but found [false]">
      <![CDATA[java.lang.AssertionError: expected [true] but found [false]
at testCasess.Demo.demo(Demo.java:119)
... Removed 29 stack frames]]>
    </failure>
  </testcase> <!-- demo -->
</testsuite> <!-- Demo Test -->
