<?xml version="1.0" encoding="UTF-8"?>
<testng-results skipped="0" failed="0" ignored="0" total="1" passed="1">
  <reporter-output>
  </reporter-output>
  <suite name="Demo Suite" duration-ms="39513" started-at="2019-04-10T14:23:20Z" finished-at="2019-04-10T14:23:59Z">
    <groups>
    </groups>
    <test name="Demo Test" duration-ms="39513" started-at="2019-04-10T14:23:20Z" finished-at="2019-04-10T14:23:59Z">
      <class name="testCasess.Demo">
        <test-method status="PASS" signature="beforeTest()[pri:0, instance:testCasess.Demo@dd8ba08]" name="beforeTest" is-config="true" duration-ms="3081" started-at="2019-04-10T14:23:20Z" finished-at="2019-04-10T14:23:23Z">
          <reporter-output>
          </reporter-output>
        </test-method> <!-- beforeTest -->
        <test-method status="PASS" signature="demo(java.lang.String, java.lang.String, java.lang.String, java.lang.String, java.lang.String, java.lang.String, java.lang.String)[pri:0, instance:testCasess.Demo@dd8ba08]" name="demo" duration-ms="35735" started-at="2019-04-10T14:23:23Z" finished-at="2019-04-10T14:23:59Z">
          <params>
            <param index="0">
              <value>
                <![CDATA[Vilmantas]]>
              </value>
            </param>
            <param index="1">
              <value>
                <![CDATA[Kirda]]>
              </value>
            </param>
            <param index="2">
              <value>
                <![CDATA[Europe]]>
              </value>
            </param>
            <param index="3">
              <value>
                <![CDATA[WebElement Commands]]>
              </value>
            </param>
            <param index="4">
              <value>
                <![CDATA[Automation Practice Form]]>
              </value>
            </param>
            <param index="5">
              <value>
                <![CDATA[Automation Practice Table]]>
              </value>
            </param>
            <param index="6">
              <value>
                <![CDATA[C:\\Users\\Vilmis\\Downloads]]>
              </value>
            </param>
          </params>
          <reporter-output>
          </reporter-output>
        </test-method> <!-- demo -->
        <test-method status="PASS" signature="afterMethod(org.testng.ITestResult)[pri:0, instance:testCasess.Demo@dd8ba08]" name="afterMethod" is-config="true" duration-ms="2" started-at="2019-04-10T14:23:59Z" finished-at="2019-04-10T14:23:59Z">
          <params>
            <param index="0">
              <value>
                <![CDATA[[TestResult name=demo status=SUCCESS method=Demo.demo(java.lang.String, java.lang.String, java.lang.String, java.lang.String, java.lang.String, java.lang.String, java.lang.String)[pri:0, instance:testCasess.Demo@dd8ba08] output={null}]]]>
              </value>
            </param>
          </params>
          <reporter-output>
          </reporter-output>
        </test-method> <!-- afterMethod -->
        <test-method status="PASS" signature="afterTest()[pri:0, instance:testCasess.Demo@dd8ba08]" name="afterTest" is-config="true" duration-ms="671" started-at="2019-04-10T14:23:59Z" finished-at="2019-04-10T14:23:59Z">
          <reporter-output>
          </reporter-output>
        </test-method> <!-- afterTest -->
      </class> <!-- testCasess.Demo -->
    </test> <!-- Demo Test -->
  </suite> <!-- Demo Suite -->
</testng-results>
